app/build/outputs/logs/manifest-merger-debug-report.txt
-- Merging decision tree log ---
manifest
ADDED from src/main/AndroidManifest.xml:2:1-144:12
	package
		ADDED from src/main/AndroidManifest.xml:3:5-38
		INJECTED from src/main/AndroidManifest.xml
		INJECTED from src/main/AndroidManifest.xml
	android:versionName
		INJECTED from src/main/AndroidManifest.xml
		INJECTED from src/main/AndroidManifest.xml
	xmlns:android
		ADDED from src/main/AndroidManifest.xml:2:11-69
	android:versionCode
		INJECTED from src/main/AndroidManifest.xml
		INJECTED from src/main/AndroidManifest.xml
permission#com.ibm.mce.samples.gcm.permission.C2D_MESSAGE
ADDED from src/main/AndroidManifest.xml:5:5-7:47
	android:protectionLevel
		ADDED from src/main/AndroidManifest.xml:7:9-44
	android:name
		ADDED from src/main/AndroidManifest.xml:6:9-70
uses-permission#com.ibm.mce.samples.gcm.permission.C2D_MESSAGE
ADDED from src/main/AndroidManifest.xml:9:5-86
	android:name
		ADDED from src/main/AndroidManifest.xml:9:22-83
uses-permission#com.google.android.c2dm.permission.RECEIVE
ADDED from src/main/AndroidManifest.xml:10:5-82
MERGED from [com.google.android.gms:play-services-gcm:8.1.0] AndroidManifest.xml:21:5-82
	android:name
		ADDED from src/main/AndroidManifest.xml:10:22-79
uses-permission#android.permission.INTERNET
ADDED from src/main/AndroidManifest.xml:11:5-67
MERGED from [com.google.android.gms:play-services-ads:8.1.0] AndroidManifest.xml:20:5-66
MERGED from [com.google.android.gms:play-services-analytics:8.1.0] AndroidManifest.xml:21:5-67
MERGED from [com.google.android.gms:play-services-appinvite:8.1.0] AndroidManifest.xml:19:5-67
MERGED from [com.google.android.gms:play-services-maps:8.1.0] AndroidManifest.xml:21:5-66
MERGED from [com.google.android.gms:play-services-gcm:8.1.0] AndroidManifest.xml:22:5-67
MERGED from [com.google.android.gms:play-services-measurement:8.1.0] AndroidManifest.xml:21:5-67
MERGED from [com.google.android.gms:play-services-wallet:8.1.0] AndroidManifest.xml:20:5-66
	android:name
		ADDED from src/main/AndroidManifest.xml:11:22-64
uses-permission#android.permission.WAKE_LOCK
ADDED from src/main/AndroidManifest.xml:12:5-68
MERGED from [com.google.android.gms:play-services-measurement:8.1.0] AndroidManifest.xml:24:5-67
	android:name
		ADDED from src/main/AndroidManifest.xml:12:22-65
uses-permission#android.permission.RECEIVE_BOOT_COMPLETED
ADDED from src/main/AndroidManifest.xml:13:5-81
	android:name
		ADDED from src/main/AndroidManifest.xml:13:22-78
uses-permission#android.permission.WRITE_EXTERNAL_STORAGE
ADDED from src/main/AndroidManifest.xml:14:5-81
MERGED from [com.google.android.gms:play-services-maps:8.1.0] AndroidManifest.xml:22:5-80
	android:name
		ADDED from src/main/AndroidManifest.xml:14:22-78
uses-permission#android.permission.VIBRATE
ADDED from src/main/AndroidManifest.xml:15:5-66
	android:name
		ADDED from src/main/AndroidManifest.xml:15:22-63
uses-permission#android.permission.CALL_PHONE
ADDED from src/main/AndroidManifest.xml:16:5-69
	android:name
		ADDED from src/main/AndroidManifest.xml:16:22-66
uses-permission#android.permission.READ_PHONE_STATE
ADDED from src/main/AndroidManifest.xml:17:5-75
	android:name
		ADDED from src/main/AndroidManifest.xml:17:22-72
uses-permission#android.permission.READ_EXTERNAL_STORAGE
ADDED from src/main/AndroidManifest.xml:18:5-20:38
	android:maxSdkVersion
		ADDED from src/main/AndroidManifest.xml:20:9-35
	android:name
		ADDED from src/main/AndroidManifest.xml:19:9-64
application
ADDED from src/main/AndroidManifest.xml:22:5-142:19
MERGED from [com.google.android.gms:play-services:8.1.0] AndroidManifest.xml:19:5-20
MERGED from [com.google.android.gms:play-services-ads:8.1.0] AndroidManifest.xml:24:5-32:19
MERGED from [com.google.android.gms:play-services-basement:8.1.0] AndroidManifest.xml:20:5-24:19
MERGED from [com.android.support:support-v4:23.1.1] AndroidManifest.xml:22:5-20
MERGED from [com.google.android.gms:play-services-appindexing:8.1.0] AndroidManifest.xml:19:5-20
MERGED from [com.google.android.gms:play-services-analytics:8.1.0] AndroidManifest.xml:24:5-20
MERGED from [com.google.android.gms:play-services-appinvite:8.1.0] AndroidManifest.xml:20:5-20
MERGED from [com.google.android.gms:play-services-appstate:8.1.0] AndroidManifest.xml:19:5-20
MERGED from [com.google.android.gms:play-services-cast:8.1.0] AndroidManifest.xml:19:5-20
MERGED from [com.android.support:mediarouter-v7:22.2.0] AndroidManifest.xml:22:5-20
MERGED from [com.android.support:appcompat-v7:23.1.0] AndroidManifest.xml:22:5-20
MERGED from [com.google.android.gms:play-services-drive:8.1.0] AndroidManifest.xml:19:5-20
MERGED from [com.google.android.gms:play-services-fitness:8.1.0] AndroidManifest.xml:19:5-20
MERGED from [com.google.android.gms:play-services-location:8.1.0] AndroidManifest.xml:19:5-20
MERGED from [com.google.android.gms:play-services-maps:8.1.0] AndroidManifest.xml:28:5-20
MERGED from [com.google.android.gms:play-services-games:8.1.0] AndroidManifest.xml:19:5-20
MERGED from [com.google.android.gms:play-services-gcm:8.1.0] AndroidManifest.xml:24:5-20
MERGED from [com.google.android.gms:play-services-identity:8.1.0] AndroidManifest.xml:19:5-20
MERGED from [com.google.android.gms:play-services-measurement:8.1.0] AndroidManifest.xml:26:5-46:19
MERGED from [com.google.android.gms:play-services-nearby:8.1.0] AndroidManifest.xml:20:5-20
MERGED from [com.google.android.gms:play-services-panorama:8.1.0] AndroidManifest.xml:19:5-20
MERGED from [com.google.android.gms:play-services-plus:8.1.0] AndroidManifest.xml:19:5-20
MERGED from [com.google.android.gms:play-services-safetynet:8.1.0] AndroidManifest.xml:19:5-20
MERGED from [com.google.android.gms:play-services-vision:8.1.0] AndroidManifest.xml:5:5-20
MERGED from [com.google.android.gms:play-services-wearable:8.1.0] AndroidManifest.xml:19:5-20
MERGED from [com.android.support:customtabs:23.1.0] AndroidManifest.xml:22:5-20
	android:label
		ADDED from src/main/AndroidManifest.xml:26:9-41
	android:allowBackup
		ADDED from src/main/AndroidManifest.xml:24:9-35
	android:icon
		ADDED from src/main/AndroidManifest.xml:25:9-38
	android:theme
		ADDED from src/main/AndroidManifest.xml:27:9-40
	android:name
		ADDED from src/main/AndroidManifest.xml:23:9-42
meta-data#com.google.android.gms.version
ADDED from src/main/AndroidManifest.xml:29:9-31:69
MERGED from [com.google.android.gms:play-services-basement:8.1.0] AndroidManifest.xml:21:9-23:69
	android:value
		ADDED from src/main/AndroidManifest.xml:31:13-66
	android:name
		ADDED from src/main/AndroidManifest.xml:30:13-58
provider#com.ibm.mce.sdk.db.Provider
ADDED from src/main/AndroidManifest.xml:33:9-36:40
	android:authorities
		ADDED from src/main/AndroidManifest.xml:35:13-71
	android:exported
		ADDED from src/main/AndroidManifest.xml:36:13-37
	android:name
		ADDED from src/main/AndroidManifest.xml:34:13-55
activity#com.ibm.mce.samples.gcm.MainSampleMenuActivity
ADDED from src/main/AndroidManifest.xml:42:9-50:20
	android:label
		ADDED from src/main/AndroidManifest.xml:44:13-45
	android:name
		ADDED from src/main/AndroidManifest.xml:43:13-51
intent-filter#android.intent.action.MAIN+android.intent.category.LAUNCHER
ADDED from src/main/AndroidManifest.xml:45:13-49:29
action#android.intent.action.MAIN
ADDED from src/main/AndroidManifest.xml:46:17-69
	android:name
		ADDED from src/main/AndroidManifest.xml:46:25-66
category#android.intent.category.LAUNCHER
ADDED from src/main/AndroidManifest.xml:48:17-77
	android:name
		ADDED from src/main/AndroidManifest.xml:48:27-74
activity#com.ibm.mce.samples.gcm.RegistrationDetailsSampleActivity
ADDED from src/main/AndroidManifest.xml:51:9-59:20
	android:label
		ADDED from src/main/AndroidManifest.xml:53:13-62
	android:parentActivityName
		ADDED from src/main/AndroidManifest.xml:54:13-65
	android:name
		ADDED from src/main/AndroidManifest.xml:52:13-62
meta-data#android.support.PARENT_ACTIVITY
ADDED from src/main/AndroidManifest.xml:55:13-57:82
	android:value
		ADDED from src/main/AndroidManifest.xml:57:17-79
	android:name
		ADDED from src/main/AndroidManifest.xml:56:17-63
activity#com.ibm.mce.samples.gcm.AttributesSampleActivity
ADDED from src/main/AndroidManifest.xml:60:9-67:20
	android:label
		ADDED from src/main/AndroidManifest.xml:62:13-52
	android:parentActivityName
		ADDED from src/main/AndroidManifest.xml:63:13-65
	android:name
		ADDED from src/main/AndroidManifest.xml:61:13-53
activity#com.ibm.mce.samples.gcm.EventSampleActivity
ADDED from src/main/AndroidManifest.xml:68:9-75:20
	android:label
		ADDED from src/main/AndroidManifest.xml:70:13-52
	android:parentActivityName
		ADDED from src/main/AndroidManifest.xml:71:13-65
	android:name
		ADDED from src/main/AndroidManifest.xml:69:13-48
activity#com.ibm.mce.sdk.plugin.displayweb.DisplayWebViewActivity
ADDED from src/main/AndroidManifest.xml:76:9-78:20
	android:name
		ADDED from src/main/AndroidManifest.xml:77:13-84
activity#com.ibm.mce.sdk.plugin.inbox.RichInboxActivity
ADDED from src/main/AndroidManifest.xml:79:9-81:20
	android:configChanges
		ADDED from src/main/AndroidManifest.xml:80:75-110
	android:name
		ADDED from src/main/AndroidManifest.xml:80:13-74
activity#com.ibm.mce.sdk.plugin.inbox.InboxMessageDisplayActivity
ADDED from src/main/AndroidManifest.xml:82:9-84:20
	android:configChanges
		ADDED from src/main/AndroidManifest.xml:83:85-120
	android:name
		ADDED from src/main/AndroidManifest.xml:83:13-84
receiver#com.ibm.mce.sdk.gcm.GcmBroadcastReceiver
ADDED from src/main/AndroidManifest.xml:86:9-97:20
	android:priority
		ADDED from src/main/AndroidManifest.xml:86:75-97
	android:name
		ADDED from src/main/AndroidManifest.xml:86:19-74
intent-filter#com.google.android.c2dm.intent.RECEIVE+com.ibm.mce.samples.gcm
ADDED from src/main/AndroidManifest.xml:87:9-91:25
	android:permission
		ADDED from src/main/AndroidManifest.xml:87:24-84
action#com.google.android.c2dm.intent.RECEIVE
ADDED from src/main/AndroidManifest.xml:88:13-77
	android:name
		ADDED from src/main/AndroidManifest.xml:88:21-74
category#com.ibm.mce.samples.gcm
ADDED from src/main/AndroidManifest.xml:90:13-64
	android:name
		ADDED from src/main/AndroidManifest.xml:90:23-61
intent-filter#com.google.android.c2dm.intent.REGISTRATION+com.ibm.mce.samples.gcm
ADDED from src/main/AndroidManifest.xml:92:9-96:25
	android:permission
		ADDED from src/main/AndroidManifest.xml:92:24-84
	android:priority
		ADDED from src/main/AndroidManifest.xml:92:85-107
action#com.google.android.c2dm.intent.REGISTRATION
ADDED from src/main/AndroidManifest.xml:93:13-82
	android:name
		ADDED from src/main/AndroidManifest.xml:93:21-79
receiver#com.ibm.mce.samples.gcm.SampleGcmBroadcastReceiver
ADDED from src/main/AndroidManifest.xml:98:9-109:20
	android:priority
		ADDED from src/main/AndroidManifest.xml:98:62-82
	android:name
		ADDED from src/main/AndroidManifest.xml:98:19-61
receiver#com.ibm.mce.samples.gcm.MceNotifier
ADDED from src/main/AndroidManifest.xml:110:9-114:20
	android:name
		ADDED from src/main/AndroidManifest.xml:110:19-46
intent-filter#com.ibm.mce.sdk.NOTIFIER
ADDED from src/main/AndroidManifest.xml:111:13-113:29
action#com.ibm.mce.sdk.NOTIFIER
ADDED from src/main/AndroidManifest.xml:112:17-67
	android:name
		ADDED from src/main/AndroidManifest.xml:112:25-64
receiver#com.ibm.mce.sdk.notification.NotifActionReceiver
ADDED from src/main/AndroidManifest.xml:115:9-85
	android:name
		ADDED from src/main/AndroidManifest.xml:115:19-82
receiver#com.ibm.mce.sdk.wi.AlarmReceiver
ADDED from src/main/AndroidManifest.xml:116:9-131:20
	android:name
		ADDED from src/main/AndroidManifest.xml:116:19-66
intent-filter#android.intent.action.BOOT_COMPLETED
ADDED from src/main/AndroidManifest.xml:117:13-119:29
action#android.intent.action.BOOT_COMPLETED
ADDED from src/main/AndroidManifest.xml:118:17-79
	android:name
		ADDED from src/main/AndroidManifest.xml:118:25-76
intent-filter#android.intent.action.TIMEZONE_CHANGED
ADDED from src/main/AndroidManifest.xml:120:13-122:29
action#android.intent.action.TIMEZONE_CHANGED
ADDED from src/main/AndroidManifest.xml:121:17-81
	android:name
		ADDED from src/main/AndroidManifest.xml:121:25-78
intent-filter#android.intent.action.PACKAGE_REPLACED
ADDED from src/main/AndroidManifest.xml:123:13-127:29
action#android.intent.action.PACKAGE_REPLACED
ADDED from src/main/AndroidManifest.xml:124:17-81
	android:name
		ADDED from src/main/AndroidManifest.xml:124:25-78
data
ADDED from src/main/AndroidManifest.xml:126:17-50
	android:scheme
		ADDED from src/main/AndroidManifest.xml:126:23-47
intent-filter#android.intent.action.LOCALE_CHANGED
ADDED from src/main/AndroidManifest.xml:128:13-130:29
action#android.intent.action.LOCALE_CHANGED
ADDED from src/main/AndroidManifest.xml:129:17-79
	android:name
		ADDED from src/main/AndroidManifest.xml:129:25-76
service#com.ibm.mce.sdk.gcm.GcmIntentService
ADDED from src/main/AndroidManifest.xml:133:9-72
	android:name
		ADDED from src/main/AndroidManifest.xml:133:18-69
service#com.ibm.mce.sdk.events.EventsAlarmListener
ADDED from src/main/AndroidManifest.xml:134:9-78
	android:name
		ADDED from src/main/AndroidManifest.xml:134:18-75
service#com.ibm.mce.sdk.registration.PhoneHomeIntentService
ADDED from src/main/AndroidManifest.xml:135:9-87
	android:name
		ADDED from src/main/AndroidManifest.xml:135:18-84
service#com.ibm.mce.sdk.registration.RegistrationIntentService
ADDED from src/main/AndroidManifest.xml:136:9-90
	android:name
		ADDED from src/main/AndroidManifest.xml:136:18-87
service#com.ibm.mce.sdk.attributes.AttributesQueueConsumer
ADDED from src/main/AndroidManifest.xml:137:9-86
	android:name
		ADDED from src/main/AndroidManifest.xml:137:18-83
service#com.ibm.mce.sdk.plugin.snooze.SnoozeIntentService
ADDED from src/main/AndroidManifest.xml:138:9-85
	android:name
		ADDED from src/main/AndroidManifest.xml:138:18-82
service#com.ibm.mce.sdk.plugin.inbox.InboxUpdateService
ADDED from src/main/AndroidManifest.xml:139:9-83
	android:name
		ADDED from src/main/AndroidManifest.xml:139:18-80
uses-sdk
INJECTED from src/main/AndroidManifest.xml reason: use-sdk injection requested
MERGED from [com.google.android.gms:play-services:8.1.0] AndroidManifest.xml:18:5-42
MERGED from [com.google.android.gms:play-services-ads:8.1.0] AndroidManifest.xml:23:5-42
MERGED from [com.google.android.gms:play-services-basement:8.1.0] AndroidManifest.xml:18:5-42
MERGED from [com.android.support:support-v4:23.1.1] AndroidManifest.xml:20:5-43
MERGED from [com.google.android.gms:play-services-appindexing:8.1.0] AndroidManifest.xml:18:5-42
MERGED from [com.google.android.gms:play-services-analytics:8.1.0] AndroidManifest.xml:18:5-42
MERGED from [com.google.android.gms:play-services-appinvite:8.1.0] AndroidManifest.xml:18:5-42
MERGED from [com.google.android.gms:play-services-base:8.1.0] AndroidManifest.xml:18:5-42
MERGED from [com.google.android.gms:play-services-appstate:8.1.0] AndroidManifest.xml:18:5-42
MERGED from [com.google.android.gms:play-services-cast:8.1.0] AndroidManifest.xml:18:5-42
MERGED from [com.android.support:mediarouter-v7:22.2.0] AndroidManifest.xml:20:5-43
MERGED from [com.android.support:appcompat-v7:23.1.0] AndroidManifest.xml:20:5-43
MERGED from [com.google.android.gms:play-services-drive:8.1.0] AndroidManifest.xml:18:5-42
MERGED from [com.google.android.gms:play-services-fitness:8.1.0] AndroidManifest.xml:18:5-42
MERGED from [com.google.android.gms:play-services-location:8.1.0] AndroidManifest.xml:18:5-42
MERGED from [com.google.android.gms:play-services-maps:8.1.0] AndroidManifest.xml:27:5-42
MERGED from [com.google.android.gms:play-services-games:8.1.0] AndroidManifest.xml:18:5-42
MERGED from [com.google.android.gms:play-services-gcm:8.1.0] AndroidManifest.xml:18:5-42
MERGED from [com.google.android.gms:play-services-identity:8.1.0] AndroidManifest.xml:18:5-42
MERGED from [com.google.android.gms:play-services-measurement:8.1.0] AndroidManifest.xml:18:5-42
MERGED from [com.google.android.gms:play-services-nearby:8.1.0] AndroidManifest.xml:18:5-42
MERGED from [com.google.android.gms:play-services-panorama:8.1.0] AndroidManifest.xml:18:5-42
MERGED from [com.google.android.gms:play-services-plus:8.1.0] AndroidManifest.xml:18:5-42
MERGED from [com.google.android.gms:play-services-safetynet:8.1.0] AndroidManifest.xml:18:5-42
MERGED from [com.google.android.gms:play-services-vision:8.1.0] AndroidManifest.xml:4:5-42
MERGED from [com.google.android.gms:play-services-wallet:8.1.0] AndroidManifest.xml:19:5-42
MERGED from [com.google.android.gms:play-services-wearable:8.1.0] AndroidManifest.xml:18:5-42
MERGED from [com.android.support:customtabs:23.1.0] AndroidManifest.xml:20:5-44
	android:targetSdkVersion
		INJECTED from src/main/AndroidManifest.xml
		INJECTED from src/main/AndroidManifest.xml
	android:minSdkVersion
		INJECTED from src/main/AndroidManifest.xml
		INJECTED from src/main/AndroidManifest.xml
uses-permission#android.permission.ACCESS_NETWORK_STATE
ADDED from [com.google.android.gms:play-services-ads:8.1.0] AndroidManifest.xml:21:5-78
MERGED from [com.google.android.gms:play-services-analytics:8.1.0] AndroidManifest.xml:22:5-79
MERGED from [com.google.android.gms:play-services-maps:8.1.0] AndroidManifest.xml:20:5-78
MERGED from [com.google.android.gms:play-services-measurement:8.1.0] AndroidManifest.xml:22:5-79
MERGED from [com.google.android.gms:play-services-nearby:8.1.0] AndroidManifest.xml:19:5-79
	android:name
		ADDED from [com.google.android.gms:play-services-ads:8.1.0] AndroidManifest.xml:21:22-76
activity#com.google.android.gms.ads.AdActivity
ADDED from [com.google.android.gms:play-services-ads:8.1.0] AndroidManifest.xml:26:9-29:64
	android:configChanges
		ADDED from [com.google.android.gms:play-services-ads:8.1.0] AndroidManifest.xml:28:13-122
	android:theme
		ADDED from [com.google.android.gms:play-services-ads:8.1.0] AndroidManifest.xml:29:13-61
	android:name
		ADDED from [com.google.android.gms:play-services-ads:8.1.0] AndroidManifest.xml:27:13-65
activity#com.google.android.gms.ads.purchase.InAppPurchaseActivity
ADDED from [com.google.android.gms:play-services-ads:8.1.0] AndroidManifest.xml:30:9-31:52
	android:theme
		ADDED from [com.google.android.gms:play-services-ads:8.1.0] AndroidManifest.xml:31:13-50
	android:name
		ADDED from [com.google.android.gms:play-services-ads:8.1.0] AndroidManifest.xml:30:19-91
uses-feature#0x00020000
ADDED from [com.google.android.gms:play-services-maps:8.1.0] AndroidManifest.xml:23:5-25:33
	android:glEsVersion
		ADDED from [com.google.android.gms:play-services-maps:8.1.0] AndroidManifest.xml:24:8-40
	android:required
		ADDED from [com.google.android.gms:play-services-maps:8.1.0] AndroidManifest.xml:25:8-31
provider#com.google.android.gms.measurement.AppMeasurementContentProvider
ADDED from [com.google.android.gms:play-services-measurement:8.1.0] AndroidManifest.xml:28:7-31:37
	android:authorities
		ADDED from [com.google.android.gms:play-services-measurement:8.1.0] AndroidManifest.xml:29:11-76
	android:exported
		ADDED from [com.google.android.gms:play-services-measurement:8.1.0] AndroidManifest.xml:31:11-35
	android:name
		ADDED from [com.google.android.gms:play-services-measurement:8.1.0] AndroidManifest.xml:30:11-90
receiver#com.google.android.gms.measurement.AppMeasurementReceiver
ADDED from [com.google.android.gms:play-services-measurement:8.1.0] AndroidManifest.xml:33:7-39:18
	android:enabled
		ADDED from [com.google.android.gms:play-services-measurement:8.1.0] AndroidManifest.xml:35:11-33
	android:name
		ADDED from [com.google.android.gms:play-services-measurement:8.1.0] AndroidManifest.xml:34:11-83
intent-filter#com.google.android.gms.measurement.UPLOAD
ADDED from [com.google.android.gms:play-services-measurement:8.1.0] AndroidManifest.xml:36:9-38:25
action#com.google.android.gms.measurement.UPLOAD
ADDED from [com.google.android.gms:play-services-measurement:8.1.0] AndroidManifest.xml:37:11-77
	android:name
		ADDED from [com.google.android.gms:play-services-measurement:8.1.0] AndroidManifest.xml:37:19-75
service#com.google.android.gms.measurement.AppMeasurementService
ADDED from [com.google.android.gms:play-services-measurement:8.1.0] AndroidManifest.xml:41:7-44:37
	android:enabled
		ADDED from [com.google.android.gms:play-services-measurement:8.1.0] AndroidManifest.xml:43:11-33
	android:exported
		ADDED from [com.google.android.gms:play-services-measurement:8.1.0] AndroidManifest.xml:44:11-35
	android:name
		ADDED from [com.google.android.gms:play-services-measurement:8.1.0] AndroidManifest.xml:42:11-82
uses-permission#android.permission.GET_ACCOUNTS
ADDED from [com.google.android.gms:play-services-wallet:8.1.0] AndroidManifest.xml:21:5-70
	android:name
		ADDED from [com.google.android.gms:play-services-wallet:8.1.0] AndroidManifest.xml:21:22-68
uses-permission#android.permission.USE_CREDENTIALS
ADDED from [com.google.android.gms:play-services-wallet:8.1.0] AndroidManifest.xml:22:5-73
	android:name
		ADDED from [com.google.android.gms:play-services-wallet:8.1.0] AndroidManifest.xml:22:22-71